=== run started 2026-06-13 08:25:59 ===
[08:25:59] Working directory: C:\Users\aphil\dev\potjie-app
[08:25:59] User: aphil
[08:25:59] --- gh --version ---
gh version 2.90.0 (2026-04-16)
https://github.com/cli/cli/releases/tag/v2.90.0

[08:25:59] --- gh auth status ---
github.com
  GŁô Logged in to github.com account aphile-m (keyring)
  - Active account: true
  - Git operations protocol: https
  - Token: gho_************************************
  - Token scopes: 'gist', 'read:org', 'repo', 'workflow'

[08:26:00] GH OK.
[08:26:00] --- make-release.ps1 ---
== Syncing web assets into Android ==
GęÜ Copying web assets from www to android\app\src\main\assets\public in 7.10ms
GęÜ Creating capacitor.config.json in android\app\src\main\assets in 898.10++s
GęÜ copy android in 21.84ms
GęÜ Updating Android plugins in 1.16ms
[info] Found 4 Capacitor plugins for android:
       @capacitor/app@8.1.0
       @capacitor/camera@8.2.0
       @capacitor/local-notifications@8.2.0
       @capgo/capacitor-updater@8.49.1
GęÜ update android in 53.63ms
[info] Sync finished in 0.097s
== Building APK ==
To honour the JVM settings for this build a single-use Daemon process will be forked. For more on this, please refer to https://docs.gradle.org/8.14.3/userguide/gradle_daemon.html#sec:disabling_the_daemon in the Gradle documentation.
Daemon will be stopped at the end of the build 

> Configure project :app
WARNING: Using flatDir should be avoided because it doesn't support any meta-data formats.

> Configure project :capacitor-cordova-android-plugins
WARNING: Using flatDir should be avoided because it doesn't support any meta-data formats.

> Task :app:preBuild UP-TO-DATE
> Task :app:preDebugBuild UP-TO-DATE
> Task :app:mergeDebugNativeDebugMetadata NO-SOURCE
> Task :app:javaPreCompileDebug UP-TO-DATE
> Task :capacitor-android:preBuild UP-TO-DATE
> Task :capacitor-android:preDebugBuild UP-TO-DATE
> Task :capacitor-android:writeDebugAarMetadata UP-TO-DATE
> Task :capacitor-app:preBuild UP-TO-DATE
> Task :capacitor-app:preDebugBuild UP-TO-DATE
> Task :capacitor-app:writeDebugAarMetadata UP-TO-DATE
> Task :capacitor-camera:preBuild UP-TO-DATE
> Task :capacitor-camera:preDebugBuild UP-TO-DATE
> Task :capacitor-camera:writeDebugAarMetadata UP-TO-DATE
> Task :capacitor-cordova-android-plugins:preBuild UP-TO-DATE
> Task :capacitor-cordova-android-plugins:preDebugBuild UP-TO-DATE
> Task :capacitor-local-notifications:preBuild UP-TO-DATE
> Task :capacitor-local-notifications:preDebugBuild UP-TO-DATE
> Task :capacitor-local-notifications:writeDebugAarMetadata UP-TO-DATE
> Task :capgo-capacitor-updater:preBuild UP-TO-DATE
> Task :capgo-capacitor-updater:preDebugBuild UP-TO-DATE
> Task :capgo-capacitor-updater:writeDebugAarMetadata UP-TO-DATE
> Task :capacitor-android:processDebugNavigationResources UP-TO-DATE
> Task :capacitor-cordova-android-plugins:writeDebugAarMetadata
> Task :capacitor-app:processDebugNavigationResources UP-TO-DATE
> Task :app:checkDebugAarMetadata UP-TO-DATE
> Task :capacitor-camera:processDebugNavigationResources UP-TO-DATE
> Task :capacitor-cordova-android-plugins:processDebugNavigationResources
> Task :capacitor-local-notifications:processDebugNavigationResources UP-TO-DATE
> Task :capgo-capacitor-updater:processDebugNavigationResources UP-TO-DATE
> Task :app:processDebugNavigationResources UP-TO-DATE
> Task :app:compileDebugNavigationResources UP-TO-DATE
> Task :app:generateDebugResValues UP-TO-DATE
> Task :capacitor-android:generateDebugResValues UP-TO-DATE
> Task :capacitor-android:generateDebugResources UP-TO-DATE
> Task :capacitor-android:packageDebugResources UP-TO-DATE
> Task :capacitor-app:generateDebugResValues UP-TO-DATE
> Task :capacitor-app:generateDebugResources UP-TO-DATE
> Task :capacitor-app:packageDebugResources UP-TO-DATE
> Task :capacitor-camera:generateDebugResValues UP-TO-DATE
> Task :capacitor-camera:generateDebugResources UP-TO-DATE
> Task :capacitor-camera:packageDebugResources UP-TO-DATE
> Task :capacitor-cordova-android-plugins:generateDebugResValues
> Task :capacitor-cordova-android-plugins:generateDebugResources
> Task :capacitor-cordova-android-plugins:packageDebugResources
> Task :capacitor-local-notifications:generateDebugResValues UP-TO-DATE
> Task :capacitor-local-notifications:generateDebugResources UP-TO-DATE
> Task :capacitor-local-notifications:packageDebugResources UP-TO-DATE
> Task :capgo-capacitor-updater:generateDebugResValues UP-TO-DATE
> Task :capgo-capacitor-updater:generateDebugResources UP-TO-DATE
> Task :capgo-capacitor-updater:packageDebugResources UP-TO-DATE
> Task :app:mapDebugSourceSetPaths UP-TO-DATE
> Task :app:generateDebugResources UP-TO-DATE
> Task :app:mergeDebugResources UP-TO-DATE
> Task :app:packageDebugResources UP-TO-DATE
> Task :app:parseDebugLocalResources UP-TO-DATE
> Task :app:createDebugCompatibleScreenManifests UP-TO-DATE
> Task :app:extractDeepLinksDebug UP-TO-DATE
> Task :capacitor-android:extractDeepLinksDebug UP-TO-DATE
> Task :capacitor-android:processDebugManifest UP-TO-DATE
> Task :capacitor-app:extractDeepLinksDebug UP-TO-DATE
> Task :capacitor-app:processDebugManifest UP-TO-DATE
> Task :capacitor-camera:extractDeepLinksDebug UP-TO-DATE
> Task :capacitor-camera:processDebugManifest UP-TO-DATE
> Task :capacitor-cordova-android-plugins:extractDeepLinksDebug
> Task :capacitor-local-notifications:extractDeepLinksDebug UP-TO-DATE
> Task :capacitor-local-notifications:processDebugManifest UP-TO-DATE
> Task :capgo-capacitor-updater:extractDeepLinksDebug UP-TO-DATE
> Task :capgo-capacitor-updater:processDebugManifest UP-TO-DATE
> Task :capacitor-android:compileDebugLibraryResources UP-TO-DATE
> Task :capacitor-android:parseDebugLocalResources UP-TO-DATE
> Task :capacitor-android:generateDebugRFile UP-TO-DATE
> Task :capacitor-app:compileDebugLibraryResources UP-TO-DATE
> Task :capacitor-app:parseDebugLocalResources UP-TO-DATE
> Task :capacitor-app:generateDebugRFile UP-TO-DATE
> Task :capacitor-camera:compileDebugLibraryResources UP-TO-DATE
> Task :capacitor-camera:parseDebugLocalResources UP-TO-DATE
> Task :capacitor-camera:generateDebugRFile UP-TO-DATE
> Task :capacitor-cordova-android-plugins:compileDebugLibraryResources
> Task :capacitor-local-notifications:compileDebugLibraryResources UP-TO-DATE
> Task :capacitor-local-notifications:parseDebugLocalResources UP-TO-DATE
> Task :capacitor-local-notifications:generateDebugRFile UP-TO-DATE
> Task :capgo-capacitor-updater:compileDebugLibraryResources UP-TO-DATE
> Task :capacitor-cordova-android-plugins:processDebugManifest
> Task :capgo-capacitor-updater:parseDebugLocalResources UP-TO-DATE
> Task :capacitor-cordova-android-plugins:parseDebugLocalResources
> Task :app:processDebugMainManifest UP-TO-DATE
> Task :app:processDebugManifest UP-TO-DATE
> Task :app:processDebugManifestForPackage UP-TO-DATE
> Task :capgo-capacitor-updater:generateDebugRFile UP-TO-DATE
> Task :capacitor-android:javaPreCompileDebug UP-TO-DATE
> Task :capacitor-cordova-android-plugins:generateDebugRFile
> Task :capacitor-android:compileDebugJavaWithJavac UP-TO-DATE
> Task :app:processDebugResources UP-TO-DATE
> Task :capacitor-android:bundleLibCompileToJarDebug UP-TO-DATE
> Task :capacitor-app:javaPreCompileDebug UP-TO-DATE
> Task :capacitor-app:compileDebugJavaWithJavac UP-TO-DATE
> Task :capacitor-app:bundleLibCompileToJarDebug UP-TO-DATE
> Task :capacitor-camera:checkKotlinGradlePluginConfigurationErrors SKIPPED
> Task :capacitor-camera:compileDebugKotlin UP-TO-DATE
> Task :capacitor-camera:javaPreCompileDebug UP-TO-DATE
> Task :capacitor-camera:compileDebugJavaWithJavac UP-TO-DATE
> Task :capacitor-camera:bundleLibCompileToJarDebug UP-TO-DATE
> Task :capacitor-local-notifications:javaPreCompileDebug UP-TO-DATE
> Task :capacitor-cordova-android-plugins:javaPreCompileDebug
> Task :capacitor-local-notifications:compileDebugJavaWithJavac UP-TO-DATE
> Task :capacitor-cordova-android-plugins:compileDebugJavaWithJavac NO-SOURCE
> Task :capacitor-local-notifications:bundleLibCompileToJarDebug UP-TO-DATE
> Task :capgo-capacitor-updater:javaPreCompileDebug UP-TO-DATE
> Task :capacitor-cordova-android-plugins:bundleLibCompileToJarDebug
> Task :capgo-capacitor-updater:compileDebugJavaWithJavac UP-TO-DATE
> Task :capgo-capacitor-updater:bundleLibCompileToJarDebug UP-TO-DATE
> Task :app:compileDebugJavaWithJavac UP-TO-DATE
> Task :app:mergeDebugShaders UP-TO-DATE
> Task :app:compileDebugShaders NO-SOURCE
> Task :app:generateDebugAssets UP-TO-DATE
> Task :capacitor-android:mergeDebugShaders UP-TO-DATE
> Task :capacitor-android:compileDebugShaders NO-SOURCE
> Task :capacitor-android:generateDebugAssets UP-TO-DATE
> Task :capacitor-android:mergeDebugAssets UP-TO-DATE
> Task :capacitor-app:mergeDebugShaders UP-TO-DATE
> Task :capacitor-app:compileDebugShaders NO-SOURCE
> Task :capacitor-app:generateDebugAssets UP-TO-DATE
> Task :capacitor-app:mergeDebugAssets UP-TO-DATE
> Task :capacitor-camera:mergeDebugShaders UP-TO-DATE
> Task :capacitor-camera:compileDebugShaders NO-SOURCE
> Task :capacitor-camera:generateDebugAssets UP-TO-DATE
> Task :capacitor-camera:mergeDebugAssets UP-TO-DATE
> Task :capacitor-cordova-android-plugins:mergeDebugShaders
> Task :capacitor-cordova-android-plugins:compileDebugShaders NO-SOURCE
> Task :capacitor-cordova-android-plugins:generateDebugAssets UP-TO-DATE
> Task :capacitor-cordova-android-plugins:mergeDebugAssets
> Task :capacitor-local-notifications:mergeDebugShaders UP-TO-DATE
> Task :capacitor-local-notifications:compileDebugShaders NO-SOURCE
> Task :capacitor-local-notifications:generateDebugAssets UP-TO-DATE
> Task :capacitor-local-notifications:mergeDebugAssets UP-TO-DATE
> Task :capgo-capacitor-updater:mergeDebugShaders UP-TO-DATE
> Task :capgo-capacitor-updater:compileDebugShaders NO-SOURCE
> Task :capgo-capacitor-updater:generateDebugAssets UP-TO-DATE
> Task :capgo-capacitor-updater:mergeDebugAssets UP-TO-DATE
> Task :app:mergeDebugAssets UP-TO-DATE
> Task :app:compressDebugAssets UP-TO-DATE
> Task :capacitor-app:bundleLibRuntimeToJarDebug UP-TO-DATE
> Task :capacitor-camera:bundleLibRuntimeToJarDebug UP-TO-DATE
> Task :capacitor-local-notifications:bundleLibRuntimeToJarDebug UP-TO-DATE
> Task :capgo-capacitor-updater:bundleLibRuntimeToJarDebug UP-TO-DATE
> Task :capacitor-android:bundleLibRuntimeToJarDebug UP-TO-DATE
> Task :app:desugarDebugFileDependencies UP-TO-DATE
> Task :capacitor-cordova-android-plugins:bundleLibRuntimeToJarDebug
> Task :app:dexBuilderDebug UP-TO-DATE
> Task :app:processDebugJavaRes NO-SOURCE
> Task :capacitor-android:processDebugJavaRes NO-SOURCE
> Task :capacitor-app:processDebugJavaRes NO-SOURCE
> Task :capacitor-camera:processDebugJavaRes UP-TO-DATE
> Task :capacitor-cordova-android-plugins:processDebugJavaRes NO-SOURCE
> Task :capacitor-local-notifications:processDebugJavaRes NO-SOURCE
> Task :capgo-capacitor-updater:processDebugJavaRes NO-SOURCE
> Task :app:mergeDebugJavaResource UP-TO-DATE
> Task :app:checkDebugDuplicateClasses UP-TO-DATE
> Task :app:mergeDebugGlobalSynthetics UP-TO-DATE
> Task :app:mergeExtDexDebug UP-TO-DATE
> Task :capacitor-app:bundleLibRuntimeToDirDebug UP-TO-DATE
> Task :capacitor-camera:bundleLibRuntimeToDirDebug UP-TO-DATE
> Task :capacitor-local-notifications:bundleLibRuntimeToDirDebug UP-TO-DATE
> Task :capgo-capacitor-updater:bundleLibRuntimeToDirDebug UP-TO-DATE
> Task :capacitor-android:bundleLibRuntimeToDirDebug UP-TO-DATE
> Task :capacitor-cordova-android-plugins:bundleLibRuntimeToDirDebug
> Task :app:mergeProjectDexDebug UP-TO-DATE
> Task :app:mergeDebugJniLibFolders UP-TO-DATE
> Task :capacitor-android:mergeDebugJniLibFolders UP-TO-DATE
> Task :capacitor-android:mergeDebugNativeLibs NO-SOURCE
> Task :capacitor-android:copyDebugJniLibsProjectOnly UP-TO-DATE
> Task :capacitor-app:mergeDebugJniLibFolders UP-TO-DATE
> Task :capacitor-app:mergeDebugNativeLibs NO-SOURCE
> Task :capacitor-app:copyDebugJniLibsProjectOnly UP-TO-DATE
> Task :capacitor-camera:mergeDebugJniLibFolders UP-TO-DATE
> Task :capacitor-camera:mergeDebugNativeLibs NO-SOURCE
> Task :capacitor-camera:copyDebugJniLibsProjectOnly UP-TO-DATE
> Task :app:mergeLibDexDebug UP-TO-DATE
> Task :capacitor-cordova-android-plugins:mergeDebugJniLibFolders
> Task :capacitor-cordova-android-plugins:mergeDebugNativeLibs NO-SOURCE
> Task :capacitor-local-notifications:mergeDebugJniLibFolders UP-TO-DATE
> Task :capacitor-local-notifications:mergeDebugNativeLibs NO-SOURCE
> Task :capacitor-cordova-android-plugins:copyDebugJniLibsProjectOnly
> Task :capacitor-local-notifications:copyDebugJniLibsProjectOnly UP-TO-DATE
> Task :capgo-capacitor-updater:mergeDebugJniLibFolders UP-TO-DATE
> Task :capgo-capacitor-updater:mergeDebugNativeLibs NO-SOURCE
> Task :capgo-capacitor-updater:copyDebugJniLibsProjectOnly UP-TO-DATE
> Task :app:mergeDebugNativeLibs UP-TO-DATE
> Task :app:stripDebugDebugSymbols UP-TO-DATE
> Task :app:validateSigningDebug UP-TO-DATE
> Task :app:writeDebugAppMetadata UP-TO-DATE
> Task :app:writeDebugSigningConfigVersions UP-TO-DATE
> Task :app:packageDebug UP-TO-DATE
> Task :app:createDebugApkListingFileRedirect UP-TO-DATE
> Task :app:assembleDebug UP-TO-DATE
> Task :capacitor-android:checkDebugAarMetadata UP-TO-DATE
> Task :capacitor-android:stripDebugDebugSymbols NO-SOURCE
> Task :capacitor-android:copyDebugJniLibsProjectAndLocalJars UP-TO-DATE
> Task :capacitor-android:extractDebugAnnotations UP-TO-DATE
> Task :capacitor-android:extractDeepLinksForAarDebug UP-TO-DATE
> Task :capacitor-android:mergeDebugGeneratedProguardFiles UP-TO-DATE
> Task :capacitor-android:mergeDebugConsumerProguardFiles UP-TO-DATE
> Task :capacitor-android:prepareDebugArtProfile UP-TO-DATE
> Task :capacitor-android:prepareLintJarForPublish UP-TO-DATE
> Task :capacitor-android:mergeDebugJavaResource UP-TO-DATE
> Task :capacitor-android:syncDebugLibJars UP-TO-DATE
> Task :capacitor-android:bundleDebugAar UP-TO-DATE
> Task :capacitor-android:assembleDebug UP-TO-DATE
> Task :capacitor-app:checkDebugAarMetadata UP-TO-DATE
> Task :capacitor-app:stripDebugDebugSymbols NO-SOURCE
> Task :capacitor-app:copyDebugJniLibsProjectAndLocalJars UP-TO-DATE
> Task :capacitor-app:extractDebugAnnotations UP-TO-DATE
> Task :capacitor-app:extractDeepLinksForAarDebug UP-TO-DATE
> Task :capacitor-app:mergeDebugGeneratedProguardFiles UP-TO-DATE
> Task :capacitor-app:mergeDebugConsumerProguardFiles UP-TO-DATE
> Task :capacitor-app:prepareDebugArtProfile UP-TO-DATE
> Task :capacitor-app:prepareLintJarForPublish UP-TO-DATE
> Task :capacitor-app:mergeDebugJavaResource UP-TO-DATE
> Task :capacitor-app:syncDebugLibJars UP-TO-DATE
> Task :capacitor-app:bundleDebugAar UP-TO-DATE
> Task :capacitor-app:assembleDebug UP-TO-DATE
> Task :capacitor-camera:checkDebugAarMetadata UP-TO-DATE
> Task :capacitor-camera:stripDebugDebugSymbols NO-SOURCE
> Task :capacitor-camera:copyDebugJniLibsProjectAndLocalJars UP-TO-DATE
> Task :capacitor-camera:extractDebugAnnotations UP-TO-DATE
> Task :capacitor-camera:extractDeepLinksForAarDebug UP-TO-DATE
> Task :capacitor-camera:mergeDebugGeneratedProguardFiles UP-TO-DATE
> Task :capacitor-camera:mergeDebugConsumerProguardFiles UP-TO-DATE
> Task :capacitor-camera:prepareDebugArtProfile UP-TO-DATE
> Task :capacitor-camera:prepareLintJarForPublish UP-TO-DATE
> Task :capacitor-camera:mergeDebugJavaResource UP-TO-DATE
> Task :capacitor-camera:syncDebugLibJars UP-TO-DATE
> Task :capacitor-camera:bundleDebugAar UP-TO-DATE
> Task :capacitor-camera:assembleDebug UP-TO-DATE
> Task :capacitor-cordova-android-plugins:stripDebugDebugSymbols NO-SOURCE
> Task :capacitor-cordova-android-plugins:copyDebugJniLibsProjectAndLocalJars
> Task :capacitor-cordova-android-plugins:checkDebugAarMetadata
> Task :capacitor-cordova-android-plugins:extractDebugAnnotations
> Task :capacitor-cordova-android-plugins:extractDeepLinksForAarDebug UP-TO-DATE
> Task :capacitor-cordova-android-plugins:mergeDebugGeneratedProguardFiles UP-TO-DATE
> Task :capacitor-cordova-android-plugins:mergeDebugConsumerProguardFiles UP-TO-DATE
> Task :capacitor-cordova-android-plugins:prepareDebugArtProfile UP-TO-DATE
> Task :capacitor-cordova-android-plugins:prepareLintJarForPublish UP-TO-DATE
> Task :capacitor-local-notifications:checkDebugAarMetadata UP-TO-DATE
> Task :capacitor-local-notifications:stripDebugDebugSymbols NO-SOURCE
> Task :capacitor-local-notifications:copyDebugJniLibsProjectAndLocalJars UP-TO-DATE
> Task :capacitor-local-notifications:extractDebugAnnotations UP-TO-DATE
> Task :capacitor-local-notifications:extractDeepLinksForAarDebug UP-TO-DATE
> Task :capacitor-local-notifications:mergeDebugGeneratedProguardFiles UP-TO-DATE
> Task :capacitor-local-notifications:mergeDebugConsumerProguardFiles UP-TO-DATE
> Task :capacitor-local-notifications:prepareDebugArtProfile UP-TO-DATE
> Task :capacitor-local-notifications:prepareLintJarForPublish UP-TO-DATE
> Task :capacitor-local-notifications:mergeDebugJavaResource UP-TO-DATE
> Task :capacitor-local-notifications:syncDebugLibJars UP-TO-DATE
> Task :capacitor-local-notifications:bundleDebugAar UP-TO-DATE
> Task :capacitor-local-notifications:assembleDebug UP-TO-DATE
> Task :capgo-capacitor-updater:checkDebugAarMetadata UP-TO-DATE
> Task :capgo-capacitor-updater:stripDebugDebugSymbols NO-SOURCE
> Task :capgo-capacitor-updater:copyDebugJniLibsProjectAndLocalJars UP-TO-DATE
> Task :capacitor-cordova-android-plugins:mergeDebugJavaResource
> Task :capgo-capacitor-updater:extractDebugAnnotations UP-TO-DATE
> Task :capacitor-cordova-android-plugins:syncDebugLibJars
> Task :capacitor-cordova-android-plugins:bundleDebugAar
> Task :capacitor-cordova-android-plugins:assembleDebug
> Task :capgo-capacitor-updater:extractDeepLinksForAarDebug UP-TO-DATE
> Task :capgo-capacitor-updater:mergeDebugGeneratedProguardFiles UP-TO-DATE
> Task :capgo-capacitor-updater:mergeDebugConsumerProguardFiles UP-TO-DATE
> Task :capgo-capacitor-updater:prepareDebugArtProfile UP-TO-DATE
> Task :capgo-capacitor-updater:prepareLintJarForPublish UP-TO-DATE
> Task :capgo-capacitor-updater:mergeDebugJavaResource UP-TO-DATE
> Task :capgo-capacitor-updater:syncDebugLibJars UP-TO-DATE
> Task :capgo-capacitor-updater:bundleDebugAar UP-TO-DATE
> Task :capgo-capacitor-updater:assembleDebug UP-TO-DATE

[Incubating] Problems report is available at: file:///C:/Users/aphil/dev/potjie-app/android/build/reports/problems/problems-report.html

Deprecated Gradle features were used in this build, making it incompatible with Gradle 9.0.

You can use '--warning-mode all' to show the individual deprecation warnings and determine if they come from your own scripts or plugins.

For more on this, please refer to https://docs.gradle.org/8.14.3/userguide/command_line_interface.html#sec:command_line_warnings in the Gradle documentation.

BUILD SUCCESSFUL in 22s
217 actionable tasks: 24 executed, 193 up-to-date
== Zipping web bundle (www contents at zip root) ==

== Built APK_web=v1  APK_native(versionCode)=1 ==
Assets are in: C:\Users\aphil\dev\potjie-app\release

Now create/replace a GitHub release and upload BOTH files above plus this version.json:
{
  "web": 1,
  "native": 1,
  "webRequiresNative": 1,
  "apkUrl": "https://github.com/USER/REPO/releases/latest/download/Aphiles-Cookbook.apk",
  "bundleUrl": "https://github.com/USER/REPO/releases/latest/download/www-bundle.zip",
  "notes": "Describe what changed here."
}

Replace USER/REPO with your repo. The /releases/latest/download/ path always points at the newest release, so the in-app update source URL never changes.

[08:26:25]   OK  Aphiles-Cookbook.apk  (13552963 bytes)
[08:26:25]   OK  www-bundle.zip  (26426 bytes)
[08:26:25]   OK  version.json  (554 bytes)
[08:26:25] .gitignore written
[08:26:25] --- gitinit ---
Initialized empty Git repository in C:/Users/aphil/dev/potjie-app/.git/

[08:26:25] --- gitadd . ---
